<?xml version="1.0" encoding="UTF-8"?>
<!-- Generated by org.testng.reporters.JUnitReportReporter -->
<testsuite hostname="LAPTOP-N926GS71" failures="0" tests="1" name="facebook.selenium.Facebook" time="17.962" errors="0" timestamp="2022-07-05T11:13:24 IST" skipped="0">
  <testcase classname="facebook.selenium.Facebook" name="Login" time="17.962"/>
  <system-out/>
</testsuite> <!-- facebook.selenium.Facebook -->
