<?xml version="1.0" encoding="UTF-8"?>
<!-- Generated by org.testng.reporters.JUnitReportReporter -->
<testsuite hostname="LAPTOP-N926GS71" failures="0" tests="2" name="facebook.selenium.Facebook" time="46.499" errors="0" timestamp="2022-07-05T12:32:36 IST" skipped="0">
  <testcase classname="facebook.selenium.Facebook" name="registration" time="27.737"/>
  <system-out/>
  <testcase classname="facebook.selenium.Facebook" name="Login" time="18.762"/>
  <system-out/>
</testsuite> <!-- facebook.selenium.Facebook -->
